{
  "meta": {
    "format": 3,
    "version": "7.10.7",
    "timestamp": "2025-10-24T09:50:41.450176",
    "branch_coverage": true,
    "show_contexts": false
  },
  "files": {
    "src\\__init__.py": {
      "executed_lines": [],
      "summary": {
        "covered_lines": 0,
        "num_statements": 0,
        "percent_covered": 100.0,
        "percent_covered_display": "100",
        "missing_lines": 0,
        "excluded_lines": 0,
        "num_branches": 0,
        "num_partial_branches": 0,
        "covered_branches": 0,
        "missing_branches": 0
      },
      "missing_lines": [],
      "excluded_lines": [],
      "executed_branches": [],
      "missing_branches": [],
      "functions": {
        "": {
          "executed_lines": [],
          "summary": {
            "covered_lines": 0,
            "num_statements": 0,
            "percent_covered": 100.0,
            "percent_covered_display": "100",
            "missing_lines": 0,
            "excluded_lines": 0,
            "num_branches": 0,
            "num_partial_branches": 0,
            "covered_branches": 0,
            "missing_branches": 0
          },
          "missing_lines": [],
          "excluded_lines": [],
          "executed_branches": [],
          "missing_branches": []
        }
      },
      "classes": {
        "": {
          "executed_lines": [],
          "summary": {
            "covered_lines": 0,
            "num_statements": 0,
            "percent_covered": 100.0,
            "percent_covered_display": "100",
            "missing_lines": 0,
            "excluded_lines": 0,
            "num_branches": 0,
            "num_partial_branches": 0,
            "covered_branches": 0,
            "missing_branches": 0
          },
          "missing_lines": [],
          "excluded_lines": [],
          "executed_branches": [],
          "missing_branches": []
        }
      }
    },
    "src\\api_request.py": {
      "executed_lines": [],
      "summary": {
        "covered_lines": 0,
        "num_statements": 1,
        "percent_covered": 0.0,
        "percent_covered_display": "0",
        "missing_lines": 1,
        "excluded_lines": 0,
        "num_branches": 0,
        "num_partial_branches": 0,
        "covered_branches": 0,
        "missing_branches": 0
      },
      "missing_lines": [1],
      "excluded_lines": [],
      "executed_branches": [],
      "missing_branches": [],
      "functions": {
        "": {
          "executed_lines": [],
          "summary": {
            "covered_lines": 0,
            "num_statements": 1,
            "percent_covered": 0.0,
            "percent_covered_display": "0",
            "missing_lines": 1,
            "excluded_lines": 0,
            "num_branches": 0,
            "num_partial_branches": 0,
            "covered_branches": 0,
            "missing_branches": 0
          },
          "missing_lines": [1],
          "excluded_lines": [],
          "executed_branches": [],
          "missing_branches": []
        }
      },
      "classes": {
        "": {
          "executed_lines": [],
          "summary": {
            "covered_lines": 0,
            "num_statements": 1,
            "percent_covered": 0.0,
            "percent_covered_display": "0",
            "missing_lines": 1,
            "excluded_lines": 0,
            "num_branches": 0,
            "num_partial_branches": 0,
            "covered_branches": 0,
            "missing_branches": 0
          },
          "missing_lines": [1],
          "excluded_lines": [],
          "executed_branches": [],
          "missing_branches": []
        }
      }
    },
    "src\\config.py": {
      "executed_lines": [1, 2],
      "summary": {
        "covered_lines": 2,
        "num_statements": 2,
        "percent_covered": 100.0,
        "percent_covered_display": "100",
        "missing_lines": 0,
        "excluded_lines": 0,
        "num_branches": 0,
        "num_partial_branches": 0,
        "covered_branches": 0,
        "missing_branches": 0
      },
      "missing_lines": [],
      "excluded_lines": [],
      "executed_branches": [],
      "missing_branches": [],
      "functions": {
        "": {
          "executed_lines": [1, 2],
          "summary": {
            "covered_lines": 2,
            "num_statements": 2,
            "percent_covered": 100.0,
            "percent_covered_display": "100",
            "missing_lines": 0,
            "excluded_lines": 0,
            "num_branches": 0,
            "num_partial_branches": 0,
            "covered_branches": 0,
            "missing_branches": 0
          },
          "missing_lines": [],
          "excluded_lines": [],
          "executed_branches": [],
          "missing_branches": []
        }
      },
      "classes": {
        "": {
          "executed_lines": [1, 2],
          "summary": {
            "covered_lines": 2,
            "num_statements": 2,
            "percent_covered": 100.0,
            "percent_covered_display": "100",
            "missing_lines": 0,
            "excluded_lines": 0,
            "num_branches": 0,
            "num_partial_branches": 0,
            "covered_branches": 0,
            "missing_branches": 0
          },
          "missing_lines": [],
          "excluded_lines": [],
          "executed_branches": [],
          "missing_branches": []
        }
      }
    },
    "src\\data_manager.py": {
      "executed_lines": [
        1, 2, 4, 5, 8, 9, 10, 12, 13, 15, 21, 22, 24, 25, 26, 27, 29, 30, 35,
        36, 38, 40, 42, 46, 52, 57, 58, 60, 62, 64, 69, 70, 71, 72, 73, 74, 75,
        76, 81, 82, 83, 84, 85, 86, 90, 92, 99, 101, 102, 103, 104, 106, 108
      ],
      "summary": {
        "covered_lines": 52,
        "num_statements": 59,
        "percent_covered": 89.1566265060241,
        "percent_covered_display": "89",
        "missing_lines": 7,
        "excluded_lines": 0,
        "num_branches": 24,
        "num_partial_branches": 2,
        "covered_branches": 22,
        "missing_branches": 2
      },
      "missing_lines": [43, 44, 77, 78, 88, 109, 110],
      "excluded_lines": [],
      "executed_branches": [
        [21, 22],
        [21, 24],
        [25, 26],
        [25, 27],
        [35, 36],
        [35, 38],
        [57, 58],
        [57, 60],
        [69, 70],
        [69, 81],
        [71, 72],
        [71, 90],
        [72, 73],
        [72, 74],
        [74, 75],
        [82, 83],
        [82, 90],
        [83, 84],
        [83, 85],
        [85, 86],
        [103, 104],
        [103, 106]
      ],
      "missing_branches": [
        [74, 71],
        [85, 88]
      ],
      "functions": {
        "DataManager.__init__": {
          "executed_lines": [9, 10],
          "summary": {
            "covered_lines": 2,
            "num_statements": 2,
            "percent_covered": 100.0,
            "percent_covered_display": "100",
            "missing_lines": 0,
            "excluded_lines": 0,
            "num_branches": 0,
            "num_partial_branches": 0,
            "covered_branches": 0,
            "missing_branches": 0
          },
          "missing_lines": [],
          "excluded_lines": [],
          "executed_branches": [],
          "missing_branches": []
        },
        "DataManager.is_signed_in": {
          "executed_lines": [13],
          "summary": {
            "covered_lines": 1,
            "num_statements": 1,
            "percent_covered": 100.0,
            "percent_covered_display": "100",
            "missing_lines": 0,
            "excluded_lines": 0,
            "num_branches": 0,
            "num_partial_branches": 0,
            "covered_branches": 0,
            "missing_branches": 0
          },
          "missing_lines": [],
          "excluded_lines": [],
          "executed_branches": [],
          "missing_branches": []
        },
        "DataManager.get_user_data": {
          "executed_lines": [21, 22, 24, 25, 26, 27],
          "summary": {
            "covered_lines": 6,
            "num_statements": 6,
            "percent_covered": 100.0,
            "percent_covered_display": "100",
            "missing_lines": 0,
            "excluded_lines": 0,
            "num_branches": 4,
            "num_partial_branches": 0,
            "covered_branches": 4,
            "missing_branches": 0
          },
          "missing_lines": [],
          "excluded_lines": [],
          "executed_branches": [
            [21, 22],
            [21, 24],
            [25, 26],
            [25, 27]
          ],
          "missing_branches": []
        },
        "DataManager.register_user": {
          "executed_lines": [30, 35, 36, 38, 40],
          "summary": {
            "covered_lines": 5,
            "num_statements": 5,
            "percent_covered": 100.0,
            "percent_covered_display": "100",
            "missing_lines": 0,
            "excluded_lines": 0,
            "num_branches": 2,
            "num_partial_branches": 0,
            "covered_branches": 2,
            "missing_branches": 0
          },
          "missing_lines": [],
          "excluded_lines": [],
          "executed_branches": [
            [35, 36],
            [35, 38]
          ],
          "missing_branches": []
        },
        "DataManager.save_user": {
          "executed_lines": [],
          "summary": {
            "covered_lines": 0,
            "num_statements": 2,
            "percent_covered": 0.0,
            "percent_covered_display": "0",
            "missing_lines": 2,
            "excluded_lines": 0,
            "num_branches": 0,
            "num_partial_branches": 0,
            "covered_branches": 0,
            "missing_branches": 0
          },
          "missing_lines": [43, 44],
          "excluded_lines": [],
          "executed_branches": [],
          "missing_branches": []
        },
        "DataManager.register_preferences": {
          "executed_lines": [52, 57, 58, 60, 62],
          "summary": {
            "covered_lines": 5,
            "num_statements": 5,
            "percent_covered": 100.0,
            "percent_covered_display": "100",
            "missing_lines": 0,
            "excluded_lines": 0,
            "num_branches": 2,
            "num_partial_branches": 0,
            "covered_branches": 2,
            "missing_branches": 0
          },
          "missing_lines": [],
          "excluded_lines": [],
          "executed_branches": [
            [57, 58],
            [57, 60]
          ],
          "missing_branches": []
        },
        "DataManager.get_preferences": {
          "executed_lines": [
            69, 70, 71, 72, 73, 74, 75, 76, 81, 82, 83, 84, 85, 86, 90
          ],
          "summary": {
            "covered_lines": 15,
            "num_statements": 18,
            "percent_covered": 84.375,
            "percent_covered_display": "84",
            "missing_lines": 3,
            "excluded_lines": 0,
            "num_branches": 14,
            "num_partial_branches": 2,
            "covered_branches": 12,
            "missing_branches": 2
          },
          "missing_lines": [77, 78, 88],
          "excluded_lines": [],
          "executed_branches": [
            [69, 70],
            [69, 81],
            [71, 72],
            [71, 90],
            [72, 73],
            [72, 74],
            [74, 75],
            [82, 83],
            [82, 90],
            [83, 84],
            [83, 85],
            [85, 86]
          ],
          "missing_branches": [
            [74, 71],
            [85, 88]
          ]
        },
        "DataManager.has_preferences": {
          "executed_lines": [99],
          "summary": {
            "covered_lines": 1,
            "num_statements": 1,
            "percent_covered": 100.0,
            "percent_covered_display": "100",
            "missing_lines": 0,
            "excluded_lines": 0,
            "num_branches": 0,
            "num_partial_branches": 0,
            "covered_branches": 0,
            "missing_branches": 0
          },
          "missing_lines": [],
          "excluded_lines": [],
          "executed_branches": [],
          "missing_branches": []
        },
        "DataManager.skill_set": {
          "executed_lines": [102, 103, 104, 106],
          "summary": {
            "covered_lines": 4,
            "num_statements": 4,
            "percent_covered": 100.0,
            "percent_covered_display": "100",
            "missing_lines": 0,
            "excluded_lines": 0,
            "num_branches": 2,
            "num_partial_branches": 0,
            "covered_branches": 2,
            "missing_branches": 0
          },
          "missing_lines": [],
          "excluded_lines": [],
          "executed_branches": [
            [103, 104],
            [103, 106]
          ],
          "missing_branches": []
        },
        "DataManager.save_preferences": {
          "executed_lines": [],
          "summary": {
            "covered_lines": 0,
            "num_statements": 2,
            "percent_covered": 0.0,
            "percent_covered_display": "0",
            "missing_lines": 2,
            "excluded_lines": 0,
            "num_branches": 0,
            "num_partial_branches": 0,
            "covered_branches": 0,
            "missing_branches": 0
          },
          "missing_lines": [109, 110],
          "excluded_lines": [],
          "executed_branches": [],
          "missing_branches": []
        },
        "": {
          "executed_lines": [
            1, 2, 4, 5, 8, 12, 15, 29, 42, 46, 64, 92, 101, 108
          ],
          "summary": {
            "covered_lines": 13,
            "num_statements": 13,
            "percent_covered": 100.0,
            "percent_covered_display": "100",
            "missing_lines": 0,
            "excluded_lines": 0,
            "num_branches": 0,
            "num_partial_branches": 0,
            "covered_branches": 0,
            "missing_branches": 0
          },
          "missing_lines": [],
          "excluded_lines": [],
          "executed_branches": [],
          "missing_branches": []
        }
      },
      "classes": {
        "DataManager": {
          "executed_lines": [
            9, 10, 13, 21, 22, 24, 25, 26, 27, 30, 35, 36, 38, 40, 52, 57, 58,
            60, 62, 69, 70, 71, 72, 73, 74, 75, 76, 81, 82, 83, 84, 85, 86, 90,
            99, 102, 103, 104, 106
          ],
          "summary": {
            "covered_lines": 39,
            "num_statements": 46,
            "percent_covered": 87.14285714285714,
            "percent_covered_display": "87",
            "missing_lines": 7,
            "excluded_lines": 0,
            "num_branches": 24,
            "num_partial_branches": 2,
            "covered_branches": 22,
            "missing_branches": 2
          },
          "missing_lines": [43, 44, 77, 78, 88, 109, 110],
          "excluded_lines": [],
          "executed_branches": [
            [21, 22],
            [21, 24],
            [25, 26],
            [25, 27],
            [35, 36],
            [35, 38],
            [57, 58],
            [57, 60],
            [69, 70],
            [69, 81],
            [71, 72],
            [71, 90],
            [72, 73],
            [72, 74],
            [74, 75],
            [82, 83],
            [82, 90],
            [83, 84],
            [83, 85],
            [85, 86],
            [103, 104],
            [103, 106]
          ],
          "missing_branches": [
            [74, 71],
            [85, 88]
          ]
        },
        "": {
          "executed_lines": [
            1, 2, 4, 5, 8, 12, 15, 29, 42, 46, 64, 92, 101, 108
          ],
          "summary": {
            "covered_lines": 13,
            "num_statements": 13,
            "percent_covered": 100.0,
            "percent_covered_display": "100",
            "missing_lines": 0,
            "excluded_lines": 0,
            "num_branches": 0,
            "num_partial_branches": 0,
            "covered_branches": 0,
            "missing_branches": 0
          },
          "missing_lines": [],
          "excluded_lines": [],
          "executed_branches": [],
          "missing_branches": []
        }
      }
    },
    "src\\nlp_processor.py": {
      "executed_lines": [
        1, 3, 4, 7, 9, 10, 12, 13, 15, 16, 17, 18, 20, 25, 27, 29, 30, 32, 33,
        35, 36, 37, 39, 40, 42, 48, 51, 52, 53, 55, 56, 58, 60, 62, 64, 65, 68,
        70, 71
      ],
      "summary": {
        "covered_lines": 38,
        "num_statements": 38,
        "percent_covered": 100.0,
        "percent_covered_display": "100",
        "missing_lines": 0,
        "excluded_lines": 0,
        "num_branches": 14,
        "num_partial_branches": 0,
        "covered_branches": 14,
        "missing_branches": 0
      },
      "missing_lines": [],
      "excluded_lines": [],
      "executed_branches": [
        [15, 16],
        [15, 18],
        [27, 29],
        [27, 40],
        [32, 33],
        [32, 39],
        [35, 32],
        [35, 36],
        [51, 52],
        [51, 55],
        [52, 51],
        [52, 53],
        [55, 56],
        [55, 58]
      ],
      "missing_branches": [],
      "functions": {
        "NlpProcessor.__init__": {
          "executed_lines": [9, 10],
          "summary": {
            "covered_lines": 2,
            "num_statements": 2,
            "percent_covered": 100.0,
            "percent_covered_display": "100",
            "missing_lines": 0,
            "excluded_lines": 0,
            "num_branches": 0,
            "num_partial_branches": 0,
            "covered_branches": 0,
            "missing_branches": 0
          },
          "missing_lines": [],
          "excluded_lines": [],
          "executed_branches": [],
          "missing_branches": []
        },
        "NlpProcessor.tokenizer": {
          "executed_lines": [13, 15, 16, 17, 18],
          "summary": {
            "covered_lines": 5,
            "num_statements": 5,
            "percent_covered": 100.0,
            "percent_covered_display": "100",
            "missing_lines": 0,
            "excluded_lines": 0,
            "num_branches": 2,
            "num_partial_branches": 0,
            "covered_branches": 2,
            "missing_branches": 0
          },
          "missing_lines": [],
          "excluded_lines": [],
          "executed_branches": [
            [15, 16],
            [15, 18]
          ],
          "missing_branches": []
        },
        "NlpProcessor.token_comparison": {
          "executed_lines": [25, 27, 29, 30, 32, 33, 35, 36, 37, 39, 40],
          "summary": {
            "covered_lines": 11,
            "num_statements": 11,
            "percent_covered": 100.0,
            "percent_covered_display": "100",
            "missing_lines": 0,
            "excluded_lines": 0,
            "num_branches": 6,
            "num_partial_branches": 0,
            "covered_branches": 6,
            "missing_branches": 0
          },
          "missing_lines": [],
          "excluded_lines": [],
          "executed_branches": [
            [27, 29],
            [27, 40],
            [32, 33],
            [32, 39],
            [35, 32],
            [35, 36]
          ],
          "missing_branches": []
        },
        "NlpProcessor.comparison_score": {
          "executed_lines": [48, 51, 52, 53, 55, 56, 58, 60],
          "summary": {
            "covered_lines": 8,
            "num_statements": 8,
            "percent_covered": 100.0,
            "percent_covered_display": "100",
            "missing_lines": 0,
            "excluded_lines": 0,
            "num_branches": 6,
            "num_partial_branches": 0,
            "covered_branches": 6,
            "missing_branches": 0
          },
          "missing_lines": [],
          "excluded_lines": [],
          "executed_branches": [
            [51, 52],
            [51, 55],
            [52, 51],
            [52, 53],
            [55, 56],
            [55, 58]
          ],
          "missing_branches": []
        },
        "NlpProcessor.compare_keywords": {
          "executed_lines": [64, 65, 68, 70, 71],
          "summary": {
            "covered_lines": 5,
            "num_statements": 5,
            "percent_covered": 100.0,
            "percent_covered_display": "100",
            "missing_lines": 0,
            "excluded_lines": 0,
            "num_branches": 0,
            "num_partial_branches": 0,
            "covered_branches": 0,
            "missing_branches": 0
          },
          "missing_lines": [],
          "excluded_lines": [],
          "executed_branches": [],
          "missing_branches": []
        },
        "": {
          "executed_lines": [1, 3, 4, 7, 12, 20, 42, 62],
          "summary": {
            "covered_lines": 7,
            "num_statements": 7,
            "percent_covered": 100.0,
            "percent_covered_display": "100",
            "missing_lines": 0,
            "excluded_lines": 0,
            "num_branches": 0,
            "num_partial_branches": 0,
            "covered_branches": 0,
            "missing_branches": 0
          },
          "missing_lines": [],
          "excluded_lines": [],
          "executed_branches": [],
          "missing_branches": []
        }
      },
      "classes": {
        "NlpProcessor": {
          "executed_lines": [
            9, 10, 13, 15, 16, 17, 18, 25, 27, 29, 30, 32, 33, 35, 36, 37, 39,
            40, 48, 51, 52, 53, 55, 56, 58, 60, 64, 65, 68, 70, 71
          ],
          "summary": {
            "covered_lines": 31,
            "num_statements": 31,
            "percent_covered": 100.0,
            "percent_covered_display": "100",
            "missing_lines": 0,
            "excluded_lines": 0,
            "num_branches": 14,
            "num_partial_branches": 0,
            "covered_branches": 14,
            "missing_branches": 0
          },
          "missing_lines": [],
          "excluded_lines": [],
          "executed_branches": [
            [15, 16],
            [15, 18],
            [27, 29],
            [27, 40],
            [32, 33],
            [32, 39],
            [35, 32],
            [35, 36],
            [51, 52],
            [51, 55],
            [52, 51],
            [52, 53],
            [55, 56],
            [55, 58]
          ],
          "missing_branches": []
        },
        "": {
          "executed_lines": [1, 3, 4, 7, 12, 20, 42, 62],
          "summary": {
            "covered_lines": 7,
            "num_statements": 7,
            "percent_covered": 100.0,
            "percent_covered_display": "100",
            "missing_lines": 0,
            "excluded_lines": 0,
            "num_branches": 0,
            "num_partial_branches": 0,
            "covered_branches": 0,
            "missing_branches": 0
          },
          "missing_lines": [],
          "excluded_lines": [],
          "executed_branches": [],
          "missing_branches": []
        }
      }
    },
    "src\\user_input_validation.py": {
      "executed_lines": [
        1, 3, 12, 13, 15, 17, 25, 27, 28, 30, 32, 38, 39, 40, 42
      ],
      "summary": {
        "covered_lines": 15,
        "num_statements": 15,
        "percent_covered": 100.0,
        "percent_covered_display": "100",
        "missing_lines": 0,
        "excluded_lines": 0,
        "num_branches": 6,
        "num_partial_branches": 0,
        "covered_branches": 6,
        "missing_branches": 0
      },
      "missing_lines": [],
      "excluded_lines": [],
      "executed_branches": [
        [12, 13],
        [12, 15],
        [27, 28],
        [27, 30],
        [39, 40],
        [39, 42]
      ],
      "missing_branches": [],
      "functions": {
        "validate_user_name": {
          "executed_lines": [12, 13, 15],
          "summary": {
            "covered_lines": 3,
            "num_statements": 3,
            "percent_covered": 100.0,
            "percent_covered_display": "100",
            "missing_lines": 0,
            "excluded_lines": 0,
            "num_branches": 2,
            "num_partial_branches": 0,
            "covered_branches": 2,
            "missing_branches": 0
          },
          "missing_lines": [],
          "excluded_lines": [],
          "executed_branches": [
            [12, 13],
            [12, 15]
          ],
          "missing_branches": []
        },
        "validate_email": {
          "executed_lines": [25, 27, 28, 30],
          "summary": {
            "covered_lines": 4,
            "num_statements": 4,
            "percent_covered": 100.0,
            "percent_covered_display": "100",
            "missing_lines": 0,
            "excluded_lines": 0,
            "num_branches": 2,
            "num_partial_branches": 0,
            "covered_branches": 2,
            "missing_branches": 0
          },
          "missing_lines": [],
          "excluded_lines": [],
          "executed_branches": [
            [27, 28],
            [27, 30]
          ],
          "missing_branches": []
        },
        "validate_skills": {
          "executed_lines": [38, 39, 40, 42],
          "summary": {
            "covered_lines": 4,
            "num_statements": 4,
            "percent_covered": 100.0,
            "percent_covered_display": "100",
            "missing_lines": 0,
            "excluded_lines": 0,
            "num_branches": 2,
            "num_partial_branches": 0,
            "covered_branches": 2,
            "missing_branches": 0
          },
          "missing_lines": [],
          "excluded_lines": [],
          "executed_branches": [
            [39, 40],
            [39, 42]
          ],
          "missing_branches": []
        },
        "": {
          "executed_lines": [1, 3, 17, 32],
          "summary": {
            "covered_lines": 4,
            "num_statements": 4,
            "percent_covered": 100.0,
            "percent_covered_display": "100",
            "missing_lines": 0,
            "excluded_lines": 0,
            "num_branches": 0,
            "num_partial_branches": 0,
            "covered_branches": 0,
            "missing_branches": 0
          },
          "missing_lines": [],
          "excluded_lines": [],
          "executed_branches": [],
          "missing_branches": []
        }
      },
      "classes": {
        "": {
          "executed_lines": [
            1, 3, 12, 13, 15, 17, 25, 27, 28, 30, 32, 38, 39, 40, 42
          ],
          "summary": {
            "covered_lines": 15,
            "num_statements": 15,
            "percent_covered": 100.0,
            "percent_covered_display": "100",
            "missing_lines": 0,
            "excluded_lines": 0,
            "num_branches": 6,
            "num_partial_branches": 0,
            "covered_branches": 6,
            "missing_branches": 0
          },
          "missing_lines": [],
          "excluded_lines": [],
          "executed_branches": [
            [12, 13],
            [12, 15],
            [27, 28],
            [27, 30],
            [39, 40],
            [39, 42]
          ],
          "missing_branches": []
        }
      }
    }
  },
  "totals": {
    "covered_lines": 107,
    "num_statements": 115,
    "percent_covered": 93.71069182389937,
    "percent_covered_display": "94",
    "missing_lines": 8,
    "excluded_lines": 0,
    "num_branches": 44,
    "num_partial_branches": 2,
    "covered_branches": 42,
    "missing_branches": 2
  }
}
